<?xml version="1.0" encoding="UTF-8" standalone="yes"?><!DOCTYPE report PUBLIC "-//JACOCO//DTD Report 1.1//EN" "report.dtd"><report name="Junit-PowerMockito"><sessioninfo id="DESKTOP-UC7S4NL-3333415c" start="1601893635521" dump="1601893636954"/><package name="com/shubham/service"><class name="com/shubham/service/UserService" sourcefilename="UserService.java"><method name="&lt;init&gt;" desc="()V" line="5"><counter type="INSTRUCTION" missed="0" covered="6"/><counter type="LINE" missed="0" covered="2"/><counter type="COMPLEXITY" missed="0" covered="1"/><counter type="METHOD" missed="0" covered="1"/></method><method name="setUserDao" desc="(Lcom/shubham/dao/UserDao;)V" line="11"><counter type="INSTRUCTION" missed="0" covered="4"/><counter type="LINE" missed="0" covered="2"/><counter type="COMPLEXITY" missed="0" covered="1"/><counter type="METHOD" missed="0" covered="1"/></method><method name="getName" desc="(Ljava/lang/Integer;)Ljava/lang/String;" line="17"><counter type="INSTRUCTION" missed="5" covered="7"/><counter type="BRANCH" missed="1" covered="1"/><counter type="LINE" missed="1" covered="3"/><counter type="COMPLEXITY" missed="1" covered="1"/><counter type="METHOD" missed="0" covered="1"/></method><method name="getEmail" desc="(Ljava/lang/Integer;)Ljava/lang/String;" line="28"><counter type="INSTRUCTION" missed="12" covered="0"/><counter type="BRANCH" missed="2" covered="0"/><counter type="LINE" missed="4" covered="0"/><counter type="COMPLEXITY" missed="2" covered="0"/><counter type="METHOD" missed="1" covered="0"/></method><counter type="INSTRUCTION" missed="17" covered="17"/><counter type="BRANCH" missed="3" covered="1"/><counter type="LINE" missed="5" covered="7"/><counter type="COMPLEXITY" missed="3" covered="3"/><counter type="METHOD" missed="1" covered="3"/><counter type="CLASS" missed="0" covered="1"/></class><sourcefile name="UserService.java"><line nr="5" mi="0" ci="2" mb="0" cb="0"/><line nr="7" mi="0" ci="4" mb="0" cb="0"/><line nr="11" mi="0" ci="3" mb="0" cb="0"/><line nr="12" mi="0" ci="1" mb="0" cb="0"/><line nr="17" mi="0" ci="2" mb="0" cb="0"/><line nr="18" mi="0" ci="3" mb="1" cb="1"/><line nr="20" mi="5" ci="0" mb="0" cb="0"/><line nr="23" mi="0" ci="2" mb="0" cb="0"/><line nr="28" mi="2" ci="0" mb="0" cb="0"/><line nr="29" mi="3" ci="0" mb="2" cb="0"/><line nr="31" mi="5" ci="0" mb="0" cb="0"/><line nr="33" mi="2" ci="0" mb="0" cb="0"/><counter type="INSTRUCTION" missed="17" covered="17"/><counter type="BRANCH" missed="3" covered="1"/><counter type="LINE" missed="5" covered="7"/><counter type="COMPLEXITY" missed="3" covered="3"/><counter type="METHOD" missed="1" covered="3"/><counter type="CLASS" missed="0" covered="1"/></sourcefile><counter type="INSTRUCTION" missed="17" covered="17"/><counter type="BRANCH" missed="3" covered="1"/><counter type="LINE" missed="5" covered="7"/><counter type="COMPLEXITY" missed="3" covered="3"/><counter type="METHOD" missed="1" covered="3"/><counter type="CLASS" missed="0" covered="1"/></package><counter type="INSTRUCTION" missed="17" covered="17"/><counter type="BRANCH" missed="3" covered="1"/><counter type="LINE" missed="5" covered="7"/><counter type="COMPLEXITY" missed="3" covered="3"/><counter type="METHOD" missed="1" covered="3"/><counter type="CLASS" missed="0" covered="1"/></report>